<?xml version="1.0" encoding="UTF-8"?>
<!-- Generated by org.testng.reporters.JUnitReportReporter -->
<testsuite skipped="0" hostname="egy-mmahran-nb3" name="base.gestures" tests="1" failures="0" timestamp="22 Sep 2019 22:52:17 GMT" time="23.972" errors="0">
  <testcase name="testGestures" time="23.972" classname="base.gestures"/>
</testsuite> <!-- base.gestures -->
