<?xml version="1.0" encoding="UTF-8"?>
<!-- Generated by org.testng.reporters.JUnitReportReporter -->
<testsuite hostname="egy-mmahran-nb3" name="com.tests.tests" tests="1" failures="0" timestamp="24 Sep 2019 16:18:34 GMT" time="24.500" errors="0">
  <testcase name="TestDragAndDrop" time="24.500" classname="com.tests.tests"/>
</testsuite> <!-- com.tests.tests -->
