<?xml version="1.0" encoding="UTF-8"?>
<!-- Generated by org.testng.reporters.JUnitReportReporter -->
<testsuite hostname="egy-mmahran-nb3" name="com.tests.tests" tests="6" failures="0" timestamp="1 Oct 2019 13:43:35 GMT" time="130.606" errors="0">
  <testcase name="TestScrollingDemo" time="19.392" classname="com.tests.tests"/>
  <testcase name="TestSwipDemo" time="27.265" classname="com.tests.tests"/>
  <testcase name="TestDragAndDrop" time="26.947" classname="com.tests.tests"/>
  <testcase name="TestGestures" time="21.817" classname="com.tests.tests"/>
  <testcase name="TestBasics" time="19.572" classname="com.tests.tests"/>
  <testcase name="TestUsingUiautomatorTest" time="15.613" classname="com.tests.tests"/>
</testsuite> <!-- com.tests.tests -->
