<?xml version="1.0" encoding="UTF-8"?>
<!-- Generated by org.testng.reporters.JUnitReportReporter -->
<testsuite hostname="egy-mmahran-nb3" name="base.tests" tests="6" failures="0" timestamp="23 Sep 2019 12:14:01 GMT" time="120.873" errors="0">
  <testcase name="TestDragAndDrop" time="23.301" classname="base.tests"/>
  <testcase name="TestUsingUiautomatorTest" time="16.159" classname="base.tests"/>
  <testcase name="TestGestures" time="22.161" classname="base.tests"/>
  <testcase name="TestBasics" time="19.664" classname="base.tests"/>
  <testcase name="TestScrollingDemo" time="18.245" classname="base.tests"/>
  <testcase name="TestSwipDemo" time="21.343" classname="base.tests"/>
</testsuite> <!-- base.tests -->
